#"Green Pill" = 2
#"White Pill" = 15
#"Yellow Pill" = 14
#"Pink Pill" = 13
#"Black Pill" = 8
#"Round Pill" = 5
#"Square Pill" = 10
#"Red Pill" = 4
#"Blue Pill" = 9
#"Brown pill" = 6
#"Triangular Pill" = 5
#"Transparent Pill" = 8
#"Grey Pill" = 7
#"Pill with X Sign" = 7
#"Pill with Z Sign" = 7
#"Pill with M Sign" = 7
#"Elongated Pill" = 15
#"Large Pill" = 11
#"Small Pill" = 12
"초록색 알약" = 2
"하얀색 알약" = 15
"노란색 알약" = 14
"분홍색 알약" = 13
"검은색 알약" = 8
"둥근 알약" = 5
"네모난 알약" = 10
"빨간색 알약" = 4
"파란색 알약" = 9
"갈색 알약" = 6
"세모난 알약" = 5
"투명한 알약" = 8
"회색 알약" = 7
"X자가 새겨진 알약" = 7
"Z자가 새겨진 알약" = 7
"M자가 새겨진 알약" = 7
"가늘고 긴 알약" = 15
"커다란 알약" = 11
"조그만 알약" = 12